<?xml version="1.0" encoding="UTF-8"?>
<testsuite xmlns:xsi="http://www.w3.org/2001/XMLSchema-instance" xsi:noNamespaceSchemaLocation="https://maven.apache.org/surefire/maven-surefire-plugin/xsd/surefire-test-report-3.0.xsd" version="3.0" name="com.ht.p2p.core.RouterPingTest" time="0.089" tests="3" errors="0" skipped="0" failures="0">
  <properties>
[...]
</properties>
  <testcase name="noRoute_returnsErrorEnvelope_andDoesNotThrow" classname="com.ht.p2p.core.RouterPingTest" time="0.08">
    <system-out><![CDATA[ts=2026-01-14T09:53:31.555557Z lvl=ERROR thread=main msg=router.route_error corr=b01adf26-e489-406c-a84a-37432d47bfc3 nodeId=test-node inType=PING error="com.ht.p2p.core.router.RouterException: No route registered for type=PING"
]]></system-out>
  </testcase>
  <testcase name="registerRoutePing_andDispatchToPong_withSameCorrelationId" classname="com.ht.p2p.core.RouterPingTest" time="0.003">
    <system-out><![CDATA[ts=2026-01-14T09:53:31.568366200Z lvl=INFO thread=main msg=ping.received nodeId=test-node corr=d718384c-d8e3-437c-8fea-2e9bca05c3e4
Type class = com.ht.p2p.core.protocol.MessageType
Register type class = com.ht.p2p.core.protocol.MessageType
]]></system-out>
  </testcase>
  <testcase name="duplicateRegisterThrows" classname="com.ht.p2p.core.RouterPingTest" time="0.001"/>
</testsuite>